Git_SHA: c9d936c
=== Evaluation Run Metadata ==========
Start_ts: 1605222103
Internal_DIMM_ID: -1
Git_Status: dirty
------ Run Configuration ------
ADDR: 0x2000000000
CACHELINE_SIZE: 64
DRAMA_ROUNDS: 1000
HAMMER_ROUNDS: 1000000
EXECUTION_ROUNDS: INFINITE
MAX_ROWS: 30
MEM_SIZE: 1073741824
NUM_BANKS: 16
NUM_TARGETS: 10
USE_FUZZING: true
USE_SUPERPAGE: true
USE_SYNC: true
======================================
[+] Initializing memory with pseudorandom sequence.
[+] Found bank conflicts.
[+] Populated addresses from different banks.
[+] Row function 0x3ffe0000, row increment 0x20000, and 4 bank/rank functions: 0x2040 0x24000 0x48000 0x90000 
[+] 93 activations per refresh interval
[0;32m[+] Running round 1 on bank 0[0m
[0;36m[+] Randomizing fuzzing parameters:
    agg_frequency: (1,20)
    agg_inter_distance: 4
    agg_intra_distance: 2
    agg_rounds: 7
    amplitude: (1, 7)
    distance_to_dummy_pair: 107
    fencing_strategy: LATEST_POSSIBLE
    flushing_strategy: EARLIEST_POSSIBLE
    hammering_strategy: original
    N_sided dist.: 2-sided: 8/10, 1-sided: 2/10, 
    N_sided: (1, 2)
    num_activations_per_REF: 111
    num_aggressors: 14
    num_refresh_intervals: 4
    num_total_activations_hammering: 3000000
    random_start_address: 0x2034740000
    total_acts_pattern: 444
    use_fixed_amplitude_per_aggressor: false
    use_sequential_aggressors: false
    use_unused_pair_as_dummies: true
[0m[+] Generating a random hammering pattern.
[+] Candidate aggressor rows: 
    1-sided: 6718 (0x20347c0000) 
    2-sided: 6722 (0x2034850000) 6724 (0x2034888000) 
    2-sided: 6728 (0x2034918000) 6730 (0x2034950000) 
    2-sided: 6734 (0x20349c0000) 6736 (0x2034a18000) 
    2-sided: 6740 (0x2034a88000) 6742 (0x2034ac0000) 
    2-sided: 6746 (0x2034b50000) 6748 (0x2034b88000) 
    1-sided: 6752 (0x2034c18000) 
    2-sided: 6756 (0x2034c88000) 6758 (0x2034cc0000) 
[+] Generated hammering pattern: 6718 6718 6718 6718 6718 6722 6724 6722 6724 6722 6724 6722 6724 6752 6752 6752 6752 6740 6742 6740 6742 6740 6742 6740 6742 6740 6742 6746 6748 6746 6748 6746 6748 6734 6736 6728 6730 6728 6730 6728 6730 6728 6730 6756 6758 6756 6758 6756 6758 6756 6758 6756 6758 6756 6758 6756 6758 6718 6718 6718 6718 6718 6718 6718 6718 6718 6746 6748 6746 6748 6746 6748 6746 6748 6746 6748 6746 6748 6752 6722 6724 6722 6724 6722 6724 6722 6724 6728 6730 6728 6730 6728 6730 6728 6730 6728 6730 6728 6730 6722 6724 6722 6724 6722 6724 6722 6724 6722 6724 6734 6736 6734 6736 6734 6736 6746 6748 6756 6758 6756 6758 6756 6758 6756 6758 6756 6758 6756 6758 6756 6758 6740 6742 6740 6742 6752 6752 6752 6752 6752 6752 6756 6758 6756 6758 6756 6758 6718 6718 6718 6746 6748 6746 6748 6746 6748 6746 6748 6752 6752 6752 6752 6718 6752 6752 6752 6752 6752 6752 6752 6722 6724 6722 6724 6722 6724 6722 6724 6722 6724 6722 6724 6752 6752 6752 6752 6752 6752 6740 6742 6740 6742 6740 6742 6740 6742 6740 6742 6740 6742 6740 6742 6740 6742 6740 6742 6734 6736 6734 6736 6734 6736 6718 6718 6718 6718 6718 6718 6756 6758 6756 6758 6756 6758 6756 6758 6756 6758 6756 6758 6718 6718 6718 6718 6718 6718 6718 6718 6752 6752 6752 6752 6752 6752 6752 6718 6718 6746 6748 6746 6748 6752 6752 6734 6736 6752 6752 6752 6752 6740 6742 6740 6742 6740 6742 6740 6742 6740 6742 6740 6742 6752 6752 6752 6752 6752 6752 6756 6758 6756 6758 6756 6758 6756 6758 6740 6742 6740 6742 6740 6742 6740 6742 6728 6730 6728 6730 6728 6730 6752 6752 6752 6752 6752 6752 6752 6752 6752 6752 6752 6752 6752 6746 6748 6746 6748 6746 6748 6746 6748 6746 6748 6728 6730 6728 6730 6728 6730 6728 6730 6728 6730 6734 6736 6734 6736 6734 6736 6734 6736 6718 6718 6718 6718 6718 6718 6756 6758 6756 6758 6756 6758 6756 6758 6734 6736 6734 6736 6734 6736 6734 6736 6752 6752 6752 6752 6752 6752 6752 6718 6718 6718 6718 6718 6718 6718 6718 6718 6718 6718 6718 6718 6752 6752 6752 6752 6752 6718 6718 6740 6742 6740 6742 6740 6742 6740 6742 6718 6718 6718 6752 6752 6752 6752 6752 6752 6718 6718 6718 6718 6718 6718 6728 6730 6728 6730 6728 6730 6728 6730 6728 6730 6728 6730 6728 6730 6756 6758 6756 6758 6756 6758 6756 6758 6756 6758 6756 6758 6746 6748 6746 6748 6718 6718 
[+] Dummy pair: 6865 6867 
[+] Hammering using jitted code...
[+] Checking if any bit flips occurred.

[0;32m[+] Running round 2 on bank 1[0m
[0;36m[+] Randomizing fuzzing parameters:
    agg_frequency: (1,20)
    agg_inter_distance: 4
    agg_intra_distance: 2
    agg_rounds: 9
    amplitude: (1, 7)
    distance_to_dummy_pair: 89
    fencing_strategy: LATEST_POSSIBLE
    flushing_strategy: EARLIEST_POSSIBLE
    hammering_strategy: original
    N_sided dist.: 2-sided: 8/10, 1-sided: 2/10, 
    N_sided: (1, 2)
    num_activations_per_REF: 111
    num_aggressors: 19
    num_refresh_intervals: 1
    num_total_activations_hammering: 3000000
    random_start_address: 0x2012af7000
    total_acts_pattern: 111
    use_fixed_amplitude_per_aggressor: false
    use_sequential_aggressors: false
    use_unused_pair_as_dummies: true
[0m[+] Generating a random hammering pattern.
[+] Candidate aggressor rows: 
    1-sided: 2395 (0x2012b6b000) 
    2-sided: 2399 (0x2012bfb000) 2401 (0x2012c23000) 
    2-sided: 2405 (0x2012cb3000) 2407 (0x2012cfb000) 
    2-sided: 2411 (0x2012d6b000) 2413 (0x2012db3000) 
    2-sided: 2417 (0x2012e23000) 2419 (0x2012e6b000) 
    2-sided: 2423 (0x2012efb000) 2425 (0x2012f23000) 
    1-sided: 2429 (0x2012fb3000) 
    2-sided: 2433 (0x2013023000) 2435 (0x201306b000) 
    1-sided: 2439 (0x20130fb000) 
    1-sided: 2443 (0x201316b000) 
    2-sided: 2447 (0x20131fb000) 2449 (0x2013223000) 
    1-sided: 2453 (0x20132b3000) 
[+] Generated hammering pattern: 2429 2429 2429 2429 2429 2399 2401 2399 2401 2399 2401 2399 2401 2399 2401 2447 2449 2447 2449 2447 2449 2439 2439 2439 2439 2439 2439 2453 2417 2419 2417 2419 2417 2419 2417 2419 2395 2395 2395 2443 2443 2405 2407 2405 2407 2405 2407 2405 2407 2405 2407 2405 2407 2423 2425 2423 2425 2423 2425 2423 2425 2423 2425 2411 2413 2411 2413 2411 2413 2411 2413 2411 2413 2433 2435 2433 2435 2433 2435 2433 2435 2433 2435 2433 2435 2417 2419 2417 2419 2417 2419 2423 2425 2423 2425 2423 2425 2423 2425 2423 2425 2423 2425 2443 2443 2443 2443 2429 2429 2433 2435 2433 2435 
[+] Dummy pair: 2542 2544 
[+] Hammering using jitted code...
[+] Checking if any bit flips occurred.
[+] Optimizing pattern's length by removing 11 aggs.
[+] Hammering using jitted code...
[+] Checking if any bit flips occurred.

[0;32m[+] Running round 3 on bank 2[0m
[0;36m[+] Randomizing fuzzing parameters:
    agg_frequency: (1,20)
    agg_inter_distance: 1
    agg_intra_distance: 2
    agg_rounds: 11
    amplitude: (1, 7)
    distance_to_dummy_pair: 115
    fencing_strategy: LATEST_POSSIBLE
    flushing_strategy: EARLIEST_POSSIBLE
    hammering_strategy: strict
    N_sided dist.: 2-sided: 8/10, 1-sided: 2/10, 
    N_sided: (1, 2)
    num_activations_per_REF: 111
    num_aggressors: 20
    num_refresh_intervals: 4
    num_total_activations_hammering: 3000000
    random_start_address: 0x201e59d000
    total_acts_pattern: 444
    use_fixed_amplitude_per_aggressor: false
    use_sequential_aggressors: false
    use_unused_pair_as_dummies: true
[0m[+] Generating a random hammering pattern.
[+] Candidate aggressor rows: 
    1-sided: 3885 (0x201e5b5000) 
    2-sided: 3886 (0x201e5d9000) 3888 (0x201e601000) 
    2-sided: 3889 (0x201e625000) 3891 (0x201e66d000) 
    2-sided: 3892 (0x201e691000) 3894 (0x201e6d9000) 
    2-sided: 3895 (0x201e6fd000) 3897 (0x201e725000) 
    2-sided: 3898 (0x201e749000) 3900 (0x201e791000) 
    1-sided: 3901 (0x201e7b5000) 
    2-sided: 3902 (0x201e7d9000) 3904 (0x201e801000) 
    1-sided: 3905 (0x201e825000) 
    1-sided: 3906 (0x201e849000) 
    2-sided: 3907 (0x201e86d000) 3909 (0x201e8b5000) 
    2-sided: 3910 (0x201e8d9000) 3912 (0x201e901000) 
[+] Generated hammering pattern: 3885 3885 3898 3900 3889 3891 3889 3891 3889 3891 3906 3892 3894 3892 3894 3892 3894 3886 3888 3886 3888 3886 3888 3886 3888 3886 3888 3907 3909 3907 3909 3907 3909 3907 3909 3905 3905 3905 3905 3901 3902 3904 3902 3904 3902 3904 3902 3904 3910 3912 3910 3912 3910 3912 3910 3912 3910 3912 3910 3912 3910 3912 3895 3897 3895 3897 3895 3897 3895 3897 3902 3904 3905 3905 3905 3905 3886 3888 3886 3888 3886 3888 3886 3888 3886 3888 3886 3888 3886 3888 3892 3894 3889 3891 3889 3891 3905 3905 3905 3905 3905 3906 3906 3906 3906 3906 3905 3905 3905 3905 3905 3905 3901 3901 3901 3901 3901 3886 3888 3886 3888 3886 3888 3886 3888 3886 3888 3906 3906 3906 3906 3910 3912 3910 3912 3907 3909 3905 3905 3905 3910 3912 3910 3912 3910 3912 3910 3912 3910 3912 3910 3912 3910 3912 3905 3885 3885 3885 3885 3885 3885 3885 3885 3885 3885 3885 3886 3888 3886 3888 3886 3888 3901 3901 3901 3901 3910 3912 3910 3912 3910 3912 3910 3912 3910 3912 3910 3912 3892 3894 3906 3906 3906 3906 3906 3898 3900 3898 3900 3906 3906 3906 3906 3906 3906 3886 3888 3886 3888 3886 3888 3886 3888 3886 3888 3886 3888 3886 3888 3885 3885 3885 3885 3905 3905 3898 3900 3898 3900 3898 3900 3898 3900 3906 3906 3906 3906 3906 3906 3885 3885 3885 3885 3907 3909 3907 3909 3907 3909 3901 3901 3901 3901 3901 3901 3885 3885 3885 3885 3895 3897 3895 3897 3895 3897 3895 3897 3895 3897 3895 3897 3901 3901 3901 3901 3889 3891 3889 3891 3889 3891 3889 3891 3889 3891 3889 3891 3901 3901 3901 3901 3907 3909 3898 3900 3898 3900 3898 3900 3898 3900 3898 3900 3898 3900 3892 3894 3906 3901 3901 3906 3886 3888 3886 3888 3886 3888 3886 3888 3892 3894 3892 3894 3892 3894 3892 3894 3892 3894 3892 3894 3892 3894 3901 3901 3901 3905 3905 3905 3905 3905 3905 3905 3905 3905 3895 3897 3895 3897 3895 3897 3895 3897 3895 3897 3895 3897 3895 3897 3902 3904 3902 3904 3910 3912 3910 3912 3910 3912 3901 3906 3885 3885 3885 3885 3885 3885 3885 3885 3885 3885 3885 3901 3901 3901 3901 3901 3901 3901 3906 3886 3888 3886 3888 3889 3891 3889 3891 3889 3891 3889 3891 3889 3891 3889 3891 3885 3885 3885 3885 3885 3885 3895 3897 3895 3897 3886 3888 3886 3888 3905 3905 3905 3885 3885 3885 3885 3898 3900 3898 3900 3898 3900 3898 3900 3898 3900 3898 3900 3895 3897 3895 3897 3895 3897 3895 3897 
[+] Dummy pair: 4027 4029 
[+] Hammering using jitted code...
[+] Checking if any bit flips occurred.

[0;32m[+] Running round 4 on bank 3[0m
[0;36m[+] Randomizing fuzzing parameters:
    agg_frequency: (1,20)
    agg_inter_distance: 1
    agg_intra_distance: 2
    agg_rounds: 3
    amplitude: (1, 7)
    distance_to_dummy_pair: 119
    fencing_strategy: LATEST_POSSIBLE
    flushing_strategy: EARLIEST_POSSIBLE
    hammering_strategy: strict
    N_sided dist.: 2-sided: 8/10, 1-sided: 2/10, 
    N_sided: (1, 2)
    num_activations_per_REF: 111
    num_aggressors: 14
    num_refresh_intervals: 4
    num_total_activations_hammering: 3000000
    random_start_address: 0x202a2fc000
    total_acts_pattern: 444
    use_fixed_amplitude_per_aggressor: false
    use_sequential_aggressors: true
    use_unused_pair_as_dummies: true
[0m[+] Generating a random hammering pattern.
[+] Candidate aggressor rows: 
    1-sided: 5400 (0x202a31c040) 
    2-sided: 5401 (0x202a338040) 5403 (0x202a370040) 
    2-sided: 5404 (0x202a38c040) 5406 (0x202a3c4040) 
    2-sided: 5407 (0x202a3e0040) 5409 (0x202a438040) 
    2-sided: 5410 (0x202a454040) 5412 (0x202a48c040) 
    2-sided: 5413 (0x202a4a8040) 5415 (0x202a4e0040) 
    1-sided: 5416 (0x202a51c040) 
    2-sided: 5417 (0x202a538040) 5419 (0x202a570040) 
[+] Generated hammering pattern: 5400 5416 5401 5403 5404 5406 5407 5409 5410 5412 5413 5415 5417 5419 5400 5416 5401 5403 5404 5406 5407 5409 5410 5412 5413 5415 5417 5419 5400 5416 5401 5403 5404 5406 5407 5409 5410 5412 5413 5415 5417 5419 5400 5416 5401 5403 5404 5406 5407 5409 5410 5412 5413 5415 5417 5419 5400 5416 5401 5403 5404 5406 5407 5409 5410 5412 5413 5415 5417 5419 5400 5416 5401 5403 5404 5406 5407 5409 5410 5412 5413 5415 5417 5419 5400 5416 5401 5403 5404 5406 5407 5409 5410 5412 5413 5415 5417 5419 5400 5416 5401 5403 5404 5406 5407 5409 5410 5412 5413 5415 5417 5419 5400 5416 5401 5403 5404 5406 5407 5409 5410 5412 5413 5415 5417 5419 5400 5416 5401 5403 5404 5406 5407 5409 5410 5412 5413 5415 5417 5419 5400 5416 5401 5403 5404 5406 5407 5409 5410 5412 5413 5415 5417 5419 5400 5416 5401 5403 5404 5406 5407 5409 5410 5412 5413 5415 5417 5419 5400 5416 5401 5403 5404 5406 5407 5409 5410 5412 5413 5415 5417 5419 5400 5416 5401 5403 5404 5406 5407 5409 5410 5412 5413 5415 5417 5419 5400 5416 5401 5403 5404 5406 5407 5409 5410 5412 5413 5415 5417 5419 5400 5416 5401 5403 5404 5406 5407 5409 5410 5412 5413 5415 5417 5419 5400 5416 5401 5403 5404 5406 5407 5409 5410 5412 5413 5415 5417 5419 5400 5416 5401 5403 5404 5406 5407 5409 5410 5412 5413 5415 5417 5419 5400 5416 5401 5403 5404 5406 5407 5409 5410 5412 5413 5415 5417 5419 5400 5416 5401 5403 5404 5406 5407 5409 5410 5412 5413 5415 5417 5419 5400 5416 5401 5403 5404 5406 5407 5409 5410 5412 5413 5415 5417 5419 5400 5416 5401 5403 5404 5406 5407 5409 5410 5412 5413 5415 5417 5419 5400 5416 5401 5403 5404 5406 5407 5409 5410 5412 5413 5415 5417 5419 5400 5416 5401 5403 5404 5406 5407 5409 5410 5412 5413 5415 5417 5419 5400 5416 5401 5403 5404 5406 5407 5409 5410 5412 5413 5415 5417 5419 5400 5416 5401 5403 5404 5406 5407 5409 5410 5412 5413 5415 5417 5419 5400 5416 5401 5403 5404 5406 5407 5409 5410 5412 5413 5415 5417 5419 5400 5416 5401 5403 5404 5406 5407 5409 5410 5412 5413 5415 5417 5419 5400 5416 5401 5403 5404 5406 5407 5409 5410 5412 5413 5415 5417 5419 5400 5416 5401 5403 5404 5406 5407 5409 5410 5412 5413 5415 5417 5419 5400 5416 5401 5403 5404 5406 5407 5409 5410 5412 5413 5415 5417 5419 5400 5416 5401 5403 5404 5406 5407 5409 5410 5412 
[+] Dummy pair: 5538 5540 
[+] Hammering using jitted code...
[+] Checking if any bit flips occurred.

[0;32m[+] Running round 5 on bank 0[0m
[0;36m[+] Randomizing fuzzing parameters:
    agg_frequency: (1,20)
    agg_inter_distance: 2
    agg_intra_distance: 2
    agg_rounds: 3
    amplitude: (1, 7)
    distance_to_dummy_pair: 116
    fencing_strategy: LATEST_POSSIBLE
    flushing_strategy: EARLIEST_POSSIBLE
    hammering_strategy: original
    N_sided dist.: 2-sided: 8/10, 1-sided: 2/10, 
    N_sided: (1, 2)
    num_activations_per_REF: 111
    num_aggressors: 8
    num_refresh_intervals: 2
    num_total_activations_hammering: 3000000
    random_start_address: 0x200b2ba000
    total_acts_pattern: 222
    use_fixed_amplitude_per_aggressor: false
    use_sequential_aggressors: false
    use_unused_pair_as_dummies: true
[0m[+] Generating a random hammering pattern.
[+] Candidate aggressor rows: 
    1-sided: 1431 (0x200b2e6040) 
    2-sided: 1433 (0x200b33e040) 1435 (0x200b376040) 
    2-sided: 1437 (0x200b3ae040) 1439 (0x200b3e6040) 
    2-sided: 1441 (0x200b43e040) 1443 (0x200b476040) 
    1-sided: 1445 (0x200b4ae040) 
[+] Generated hammering pattern: 1445 1445 1445 1445 1445 1433 1435 1433 1435 1433 1435 1433 1435 1433 1435 1433 1435 1441 1443 1441 1443 1437 1439 1437 1439 1437 1439 1437 1439 1437 1439 1431 1431 1431 1431 1431 1431 1431 1431 1431 1431 1431 1445 1445 1445 1445 1445 1445 1445 1445 1445 1441 1443 1441 1443 1441 1443 1441 1443 1431 1431 1431 1431 1431 1431 1431 1431 1431 1431 1431 1437 1439 1437 1439 1441 1443 1441 1443 1441 1443 1441 1443 1441 1443 1441 1443 1441 1443 1431 1431 1431 1431 1431 1431 1431 1445 1445 1445 1445 1445 1445 1445 1445 1445 1441 1443 1441 1443 1441 1443 1441 1443 1441 1443 1431 1431 1431 1431 1445 1445 1445 1445 1445 1445 1445 1437 1439 1437 1439 1437 1439 1437 1439 1437 1439 1437 1439 1445 1445 1445 1441 1443 1441 1443 1441 1443 1431 1431 1431 1433 1435 1433 1435 1431 1431 1431 1431 1431 1441 1443 1441 1443 1441 1443 1441 1443 1441 1443 1441 1443 1441 1443 1441 1443 1441 1443 1441 1443 1441 1443 1441 1443 1441 1443 1445 1445 1445 1433 1435 1433 1435 1433 1435 1433 1435 1433 1435 1433 1435 1433 1435 1431 1431 1431 1431 1431 1431 1431 1441 1443 1441 1443 1431 1431 1431 1431 1431 1431 1431 1431 1433 1435 1433 1435 
[+] Dummy pair: 1561 1563 
[+] Hammering using jitted code...
[+] Checking if any bit flips occurred.
[+] Optimizing pattern's length by removing 8 aggs.
[+] Hammering using jitted code...
[+] Checking if any bit flips occurred.

[0;32m[+] Running round 6 on bank 1[0m
[0;36m[+] Randomizing fuzzing parameters:
    agg_frequency: (1,20)
    agg_inter_distance: 3
    agg_intra_distance: 2
    agg_rounds: 11
    amplitude: (1, 7)
    distance_to_dummy_pair: 90
    fencing_strategy: LATEST_POSSIBLE
    flushing_strategy: EARLIEST_POSSIBLE
    hammering_strategy: original
    N_sided dist.: 2-sided: 8/10, 1-sided: 2/10, 
    N_sided: (1, 2)
    num_activations_per_REF: 111
    num_aggressors: 12
    num_refresh_intervals: 3
    num_total_activations_hammering: 3000000
    random_start_address: 0x20179f0000
    total_acts_pattern: 333
    use_fixed_amplitude_per_aggressor: false
    use_sequential_aggressors: true
    use_unused_pair_as_dummies: true
[0m[+] Generating a random hammering pattern.
[+] Candidate aggressor rows: 
    1-sided: 3026 (0x2017a4c040) 
    2-sided: 3029 (0x2017ab0040) 3031 (0x2017af8040) 
    2-sided: 3034 (0x2017b4c040) 3036 (0x2017b94040) 
    2-sided: 3039 (0x2017bf8040) 3041 (0x2017c20040) 
    2-sided: 3044 (0x2017c94040) 3046 (0x2017cdc040) 
    2-sided: 3049 (0x2017d20040) 3051 (0x2017d68040) 
    1-sided: 3054 (0x2017ddc040) 
[+] Generated hammering pattern: 3026 3054 3029 3031 3034 3036 3039 3041 3044 3046 3049 3051 3026 3054 3029 3031 3034 3036 3039 3041 3044 3046 3049 3051 3026 3054 3029 3031 3034 3036 3039 3041 3044 3046 3049 3051 3026 3054 3029 3031 3034 3036 3039 3041 3044 3046 3049 3051 3026 3054 3029 3031 3034 3036 3039 3041 3044 3046 3049 3051 3026 3054 3029 3031 3034 3036 3039 3041 3044 3046 3049 3051 3026 3054 3029 3031 3034 3036 3039 3041 3044 3046 3049 3051 3026 3054 3029 3031 3034 3036 3039 3041 3044 3046 3049 3051 3026 3054 3029 3031 3034 3036 3039 3041 3044 3046 3049 3051 3026 3054 3029 3031 3034 3036 3039 3041 3044 3046 3049 3051 3026 3054 3029 3031 3034 3036 3039 3041 3044 3046 3049 3051 3026 3054 3029 3031 3034 3036 3039 3041 3044 3046 3049 3051 3026 3054 3029 3031 3034 3036 3039 3041 3044 3046 3049 3051 3026 3054 3029 3031 3034 3036 3039 3041 3044 3046 3049 3051 3026 3054 3029 3031 3034 3036 3039 3041 3044 3046 3049 3051 3026 3054 3029 3031 3034 3036 3039 3041 3044 3046 3049 3051 3026 3054 3029 3031 3034 3036 3039 3041 3044 3046 3049 3051 3026 3054 3029 3031 3034 3036 3039 3041 3044 3046 3049 3051 3026 3054 3029 3031 3034 3036 3039 3041 3044 3046 3049 3051 3026 3054 3029 3031 3034 3036 3039 3041 3044 3046 3049 3051 3026 3054 3029 3031 3034 3036 3039 3041 3044 3046 3049 3051 3026 3054 3029 3031 3034 3036 3039 3041 3044 3046 3049 3051 3026 3054 3029 3031 3034 3036 3039 3041 3044 3046 3049 3051 3026 3054 3029 3031 3034 3036 3039 3041 3044 3046 3049 3051 3026 3054 3029 3031 3034 3036 3039 3041 3044 3046 3049 3051 3026 3054 3029 3031 3034 3036 3039 3041 3044 3046 3049 3051 3026 3054 3029 3031 3034 3036 3039 3041 3044 3046 3049 3051 3026 3054 3029 3031 3034 3036 3039 3041 
[+] Dummy pair: 3144 3146 
[+] Hammering using jitted code...
[+] Checking if any bit flips occurred.

[0;32m[+] Running round 7 on bank 2[0m
[0;36m[+] Randomizing fuzzing parameters:
    agg_frequency: (1,20)
    agg_inter_distance: 3
    agg_intra_distance: 2
    agg_rounds: 12
    amplitude: (1, 7)
    distance_to_dummy_pair: 81
    fencing_strategy: LATEST_POSSIBLE
    flushing_strategy: EARLIEST_POSSIBLE
    hammering_strategy: strict
    N_sided dist.: 2-sided: 8/10, 1-sided: 2/10, 
    N_sided: (1, 2)
    num_activations_per_REF: 111
    num_aggressors: 10
    num_refresh_intervals: 2
    num_total_activations_hammering: 3000000
    random_start_address: 0x200d6da000
    total_acts_pattern: 222
    use_fixed_amplitude_per_aggressor: false
    use_sequential_aggressors: true
    use_unused_pair_as_dummies: true
[0m[+] Generating a random hammering pattern.
[+] Candidate aggressor rows: 
    1-sided: 1721 (0x200d726040) 
    2-sided: 1724 (0x200d792040) 1726 (0x200d7da040) 
    2-sided: 1729 (0x200d826040) 1731 (0x200d86e040) 
    2-sided: 1734 (0x200d8da040) 1736 (0x200d902040) 
    2-sided: 1739 (0x200d96e040) 1741 (0x200d9b6040) 
    1-sided: 1744 (0x200da02040) 
[+] Generated hammering pattern: 1721 1744 1724 1726 1729 1731 1734 1736 1739 1741 1721 1744 1724 1726 1729 1731 1734 1736 1739 1741 1721 1744 1724 1726 1729 1731 1734 1736 1739 1741 1721 1744 1724 1726 1729 1731 1734 1736 1739 1741 1721 1744 1724 1726 1729 1731 1734 1736 1739 1741 1721 1744 1724 1726 1729 1731 1734 1736 1739 1741 1721 1744 1724 1726 1729 1731 1734 1736 1739 1741 1721 1744 1724 1726 1729 1731 1734 1736 1739 1741 1721 1744 1724 1726 1729 1731 1734 1736 1739 1741 1721 1744 1724 1726 1729 1731 1734 1736 1739 1741 1721 1744 1724 1726 1729 1731 1734 1736 1739 1741 1721 1744 1724 1726 1729 1731 1734 1736 1739 1741 1721 1744 1724 1726 1729 1731 1734 1736 1739 1741 1721 1744 1724 1726 1729 1731 1734 1736 1739 1741 1721 1744 1724 1726 1729 1731 1734 1736 1739 1741 1721 1744 1724 1726 1729 1731 1734 1736 1739 1741 1721 1744 1724 1726 1729 1731 1734 1736 1739 1741 1721 1744 1724 1726 1729 1731 1734 1736 1739 1741 1721 1744 1724 1726 1729 1731 1734 1736 1739 1741 1721 1744 1724 1726 1729 1731 1734 1736 1739 1741 1721 1744 1724 1726 1729 1731 1734 1736 1739 1741 1721 1744 1724 1726 1729 1731 1734 1736 1739 1741 1721 
[+] Dummy pair: 1825 1827 
[+] Hammering using jitted code...
[+] Checking if any bit flips occurred.

[0;32m[+] Running round 8 on bank 3[0m
[0;36m[+] Randomizing fuzzing parameters:
    agg_frequency: (1,20)
    agg_inter_distance: 1
    agg_intra_distance: 2
    agg_rounds: 4
    amplitude: (1, 7)
    distance_to_dummy_pair: 96
    fencing_strategy: LATEST_POSSIBLE
    flushing_strategy: EARLIEST_POSSIBLE
    hammering_strategy: original
    N_sided dist.: 2-sided: 8/10, 1-sided: 2/10, 
    N_sided: (1, 2)
    num_activations_per_REF: 111
    num_aggressors: 9
    num_refresh_intervals: 4
    num_total_activations_hammering: 3000000
    random_start_address: 0x2025dd0000
    total_acts_pattern: 444
    use_fixed_amplitude_per_aggressor: false
    use_sequential_aggressors: false
    use_unused_pair_as_dummies: true
[0m[+] Generating a random hammering pattern.
[+] Candidate aggressor rows: 
    1-sided: 4847 (0x2025de0040) 
    2-sided: 4848 (0x2025e1c040) 4850 (0x2025e54040) 
    2-sided: 4851 (0x2025e70040) 4853 (0x2025ea8040) 
    2-sided: 4854 (0x2025ec4040) 4856 (0x2025f1c040) 
    2-sided: 4857 (0x2025f38040) 4859 (0x2025f70040) 
[+] Generated hammering pattern: 4847 4847 4847 4847 4854 4856 4854 4856 4854 4856 4854 4856 4854 4856 4854 4856 4854 4856 4848 4850 4848 4850 4848 4850 4848 4850 4857 4859 4857 4859 4857 4859 4851 4853 4851 4853 4851 4853 4851 4853 4851 4853 4851 4853 4851 4853 4851 4853 4851 4853 4851 4853 4851 4853 4851 4853 4851 4853 4847 4847 4847 4847 4847 4847 4847 4847 4847 4847 4847 4847 4847 4854 4856 4847 4847 4847 4847 4847 4847 4847 4847 4847 4847 4847 4847 4847 4847 4847 4847 4847 4847 4847 4847 4847 4847 4847 4847 4847 4847 4847 4848 4850 4848 4850 4848 4850 4848 4850 4848 4850 4847 4847 4847 4847 4847 4847 4847 4847 4847 4847 4847 4847 4847 4847 4847 4847 4847 4847 4847 4847 4851 4853 4851 4853 4851 4853 4851 4853 4851 4853 4851 4853 4851 4853 4847 4847 4847 4847 4847 4847 4847 4847 4847 4847 4847 4847 4847 4847 4847 4847 4847 4847 4847 4847 4847 4847 4851 4853 4851 4853 4851 4853 4851 4853 4851 4853 4848 4850 4848 4850 4848 4850 4848 4850 4847 4847 4847 4847 4847 4847 4848 4850 4848 4850 4847 4857 4859 4857 4859 4857 4859 4857 4859 4857 4859 4857 4859 4857 4859 4857 4859 4857 4859 4857 4859 4857 4859 4857 4859 4857 4859 4848 4850 4848 4850 4848 4850 4848 4850 4848 4850 4848 4850 4851 4853 4851 4853 4851 4853 4851 4853 4851 4853 4848 4850 4848 4850 4848 4850 4848 4850 4848 4850 4848 4850 4848 4850 4848 4850 4848 4850 4854 4856 4851 4853 4851 4853 4851 4853 4851 4853 4851 4853 4851 4853 4851 4853 4848 4850 4848 4850 4848 4850 4857 4859 4854 4856 4854 4856 4854 4856 4854 4856 4851 4853 4851 4853 4851 4853 4851 4853 4851 4853 4851 4853 4854 4856 4854 4856 4854 4856 4854 4856 4848 4850 4848 4850 4848 4850 4857 4859 4854 4856 4854 4856 4854 4856 4854 4856 4854 4856 4854 4856 4854 4856 4848 4850 4848 4850 4848 4850 4848 4850 4848 4850 4851 4853 4851 4853 4851 4853 4851 4853 4851 4853 4851 4853 4851 4853 4851 4853 4851 4853 4851 4853 4851 4853 4848 4850 4848 4850 4848 4850 4851 4853 4857 4859 4857 4859 4851 4853 4851 4853 4857 4859 4857 4859 4857 4859 4857 4859 4857 4859 4857 4859 4851 4853 4848 4850 4848 4850 4851 4853 4851 4853 4851 4853 4848 4850 4848 4850 4848 4850 4848 4850 4854 4856 4854 4856 4854 4856 4857 4859 4857 4859 4857 4859 4857 4859 4857 4859 4857 4859 4857 4859 4857 4859 4857 4859 4857 4859 4857 4859 4857 4859 
[+] Dummy pair: 4955 4957 
[+] Hammering using jitted code...
[+] Checking if any bit flips occurred.
[+] Optimizing pattern's length by removing 16 aggs.
[+] Hammering using jitted code...
[+] Checking if any bit flips occurred.
[+] Optimizing pattern's length by removing 24 aggs.
[+] Hammering using jitted code...
[+] Checking if any bit flips occurred.
[+] Optimizing pattern's length by removing 12 aggs.
[+] Hammering using jitted code...
[+] Checking if any bit flips occurred.

[0;32m[+] Running round 9 on bank 0[0m
[0;36m[+] Randomizing fuzzing parameters:
    agg_frequency: (1,20)
    agg_inter_distance: 2
    agg_intra_distance: 2
    agg_rounds: 3
    amplitude: (1, 7)
    distance_to_dummy_pair: 116
    fencing_strategy: LATEST_POSSIBLE
    flushing_strategy: EARLIEST_POSSIBLE
    hammering_strategy: original
    N_sided dist.: 2-sided: 8/10, 1-sided: 2/10, 
    N_sided: (1, 2)
    num_activations_per_REF: 111
    num_aggressors: 8
    num_refresh_intervals: 2
    num_total_activations_hammering: 3000000
    random_start_address: 0x200b2ba000
    total_acts_pattern: 222
    use_fixed_amplitude_per_aggressor: false
    use_sequential_aggressors: false
    use_unused_pair_as_dummies: true
[0m[+] Generating a random hammering pattern.
[+] Candidate aggressor rows: 
    1-sided: 1431 (0x200b2e6040) 
    2-sided: 1433 (0x200b33e040) 1435 (0x200b376040) 
    2-sided: 1437 (0x200b3ae040) 1439 (0x200b3e6040) 
    2-sided: 1441 (0x200b43e040) 1443 (0x200b476040) 
    1-sided: 1445 (0x200b4ae040) 
[+] Generated hammering pattern: 1445 1445 1445 1445 1445 1433 1435 1433 1435 1433 1435 1433 1435 1433 1435 1433 1435 1441 1443 1441 1443 1437 1439 1437 1439 1437 1439 1437 1439 1437 1439 1431 1431 1431 1431 1431 1431 1431 1431 1431 1431 1431 1445 1445 1445 1445 1445 1445 1445 1445 1445 1441 1443 1441 1443 1441 1443 1441 1443 1431 1431 1431 1431 1431 1431 1431 1431 1431 1431 1431 1437 1439 1437 1439 1441 1443 1441 1443 1441 1443 1441 1443 1441 1443 1441 1443 1441 1443 1431 1431 1431 1431 1431 1431 1431 1445 1445 1445 1445 1445 1445 1445 1445 1445 1441 1443 1441 1443 1441 1443 1441 1443 1441 1443 1431 1431 1431 1431 1445 1445 1445 1445 1445 1445 1445 1437 1439 1437 1439 1437 1439 1437 1439 1437 1439 1437 1439 1445 1445 1445 1441 1443 1441 1443 1441 1443 1431 1431 1431 1433 1435 1433 1435 1431 1431 1431 1431 1431 1441 1443 1441 1443 1441 1443 1441 1443 1441 1443 1441 1443 1441 1443 1441 1443 1441 1443 1441 1443 1441 1443 1441 1443 1441 1443 1445 1445 1445 1433 1435 1433 1435 1433 1435 1433 1435 1433 1435 1433 1435 1433 1435 1431 1431 1431 1431 1431 1431 1431 1441 1443 1441 1443 1431 1431 1431 1431 1431 1431 1431 1431 1433 1435 1433 1435 
[+] Dummy pair: 1561 1563 
[+] Hammering using jitted code...
[+] Checking if any bit flips occurred.

[0;32m[+] Running round 10 on bank 1[0m
[0;36m[+] Randomizing fuzzing parameters:
    agg_frequency: (1,20)
    agg_inter_distance: 3
    agg_intra_distance: 2
    agg_rounds: 11
    amplitude: (1, 7)
    distance_to_dummy_pair: 90
    fencing_strategy: LATEST_POSSIBLE
    flushing_strategy: EARLIEST_POSSIBLE
    hammering_strategy: original
    N_sided dist.: 2-sided: 8/10, 1-sided: 2/10, 
    N_sided: (1, 2)
    num_activations_per_REF: 111
    num_aggressors: 12
    num_refresh_intervals: 3
    num_total_activations_hammering: 3000000
    random_start_address: 0x20179f0000
    total_acts_pattern: 333
    use_fixed_amplitude_per_aggressor: false
    use_sequential_aggressors: true
    use_unused_pair_as_dummies: true
[0m[+] Generating a random hammering pattern.
[+] Candidate aggressor rows: 
    1-sided: 3026 (0x2017a4c040) 
    2-sided: 3029 (0x2017ab0040) 3031 (0x2017af8040) 
    2-sided: 3034 (0x2017b4c040) 3036 (0x2017b94040) 
    2-sided: 3039 (0x2017bf8040) 3041 (0x2017c20040) 
    2-sided: 3044 (0x2017c94040) 3046 (0x2017cdc040) 
    2-sided: 3049 (0x2017d20040) 3051 (0x2017d68040) 
    1-sided: 3054 (0x2017ddc040) 
[+] Generated hammering pattern: 3026 3054 3029 3031 3034 3036 3039 3041 3044 3046 3049 3051 3026 3054 3029 3031 3034 3036 3039 3041 3044 3046 3049 3051 3026 3054 3029 3031 3034 3036 3039 3041 3044 3046 3049 3051 3026 3054 3029 3031 3034 3036 3039 3041 3044 3046 3049 3051 3026 3054 3029 3031 3034 3036 3039 3041 3044 3046 3049 3051 3026 3054 3029 3031 3034 3036 3039 3041 3044 3046 3049 3051 3026 3054 3029 3031 3034 3036 3039 3041 3044 3046 3049 3051 3026 3054 3029 3031 3034 3036 3039 3041 3044 3046 3049 3051 3026 3054 3029 3031 3034 3036 3039 3041 3044 3046 3049 3051 3026 3054 3029 3031 3034 3036 3039 3041 3044 3046 3049 3051 3026 3054 3029 3031 3034 3036 3039 3041 3044 3046 3049 3051 3026 3054 3029 3031 3034 3036 3039 3041 3044 3046 3049 3051 3026 3054 3029 3031 3034 3036 3039 3041 3044 3046 3049 3051 3026 3054 3029 3031 3034 3036 3039 3041 3044 3046 3049 3051 3026 3054 3029 3031 3034 3036 3039 3041 3044 3046 3049 3051 3026 3054 3029 3031 3034 3036 3039 3041 3044 3046 3049 3051 3026 3054 3029 3031 3034 3036 3039 3041 3044 3046 3049 3051 3026 3054 3029 3031 3034 3036 3039 3041 3044 3046 3049 3051 3026 3054 3029 3031 3034 3036 3039 3041 3044 3046 3049 3051 3026 3054 3029 3031 3034 3036 3039 3041 3044 3046 3049 3051 3026 3054 3029 3031 3034 3036 3039 3041 3044 3046 3049 3051 3026 3054 3029 3031 3034 3036 3039 3041 3044 3046 3049 3051 3026 3054 3029 3031 3034 3036 3039 3041 3044 3046 3049 3051 3026 3054 3029 3031 3034 3036 3039 3041 3044 3046 3049 3051 3026 3054 3029 3031 3034 3036 3039 3041 3044 3046 3049 3051 3026 3054 3029 3031 3034 3036 3039 3041 3044 3046 3049 3051 3026 3054 3029 3031 3034 3036 3039 3041 3044 3046 3049 3051 3026 3054 3029 3031 3034 3036 3039 3041 
[+] Dummy pair: 3144 3146 
[+] Hammering using jitted code...
[+] Checking if any bit flips occurred.

[0;32m[+] Running round 11 on bank 2[0m
[0;36m[+] Randomizing fuzzing parameters:
    agg_frequency: (1,20)
    agg_inter_distance: 3
    agg_intra_distance: 2
    agg_rounds: 12
    amplitude: (1, 7)
    distance_to_dummy_pair: 81
    fencing_strategy: LATEST_POSSIBLE
    flushing_strategy: EARLIEST_POSSIBLE
    hammering_strategy: strict
    N_sided dist.: 2-sided: 8/10, 1-sided: 2/10, 
    N_sided: (1, 2)
    num_activations_per_REF: 111
    num_aggressors: 10
    num_refresh_intervals: 2
    num_total_activations_hammering: 3000000
    random_start_address: 0x200d6da000
    total_acts_pattern: 222
    use_fixed_amplitude_per_aggressor: false
    use_sequential_aggressors: true
    use_unused_pair_as_dummies: true
[0m[+] Generating a random hammering pattern.
[+] Candidate aggressor rows: 
    1-sided: 1721 (0x200d726040) 
    2-sided: 1724 (0x200d792040) 1726 (0x200d7da040) 
    2-sided: 1729 (0x200d826040) 1731 (0x200d86e040) 
    2-sided: 1734 (0x200d8da040) 1736 (0x200d902040) 
    2-sided: 1739 (0x200d96e040) 1741 (0x200d9b6040) 
    1-sided: 1744 (0x200da02040) 
[+] Generated hammering pattern: 1721 1744 1724 1726 1729 1731 1734 1736 1739 1741 1721 1744 1724 1726 1729 1731 1734 1736 1739 1741 1721 1744 1724 1726 1729 1731 1734 1736 1739 1741 1721 1744 1724 1726 1729 1731 1734 1736 1739 1741 1721 1744 1724 1726 1729 1731 1734 1736 1739 1741 1721 1744 1724 1726 1729 1731 1734 1736 1739 1741 1721 1744 1724 1726 1729 1731 1734 1736 1739 1741 1721 1744 1724 1726 1729 1731 1734 1736 1739 1741 1721 1744 1724 1726 1729 1731 1734 1736 1739 1741 1721 1744 1724 1726 1729 1731 1734 1736 1739 1741 1721 1744 1724 1726 1729 1731 1734 1736 1739 1741 1721 1744 1724 1726 1729 1731 1734 1736 1739 1741 1721 1744 1724 1726 1729 1731 1734 1736 1739 1741 1721 1744 1724 1726 1729 1731 1734 1736 1739 1741 1721 1744 1724 1726 1729 1731 1734 1736 1739 1741 1721 1744 1724 1726 1729 1731 1734 1736 1739 1741 1721 1744 1724 1726 1729 1731 1734 1736 1739 1741 1721 1744 1724 1726 1729 1731 1734 1736 1739 1741 1721 1744 1724 1726 1729 1731 1734 1736 1739 1741 1721 1744 1724 1726 1729 1731 1734 1736 1739 1741 1721 1744 1724 1726 1729 1731 1734 1736 1739 1741 1721 1744 1724 1726 1729 1731 1734 1736 1739 1741 1721 
[+] Dummy pair: 1825 1827 
[+] Hammering using jitted code...
[+] Checking if any bit flips occurred.

[0;32m[+] Running round 12 on bank 3[0m
[0;36m[+] Randomizing fuzzing parameters:
    agg_frequency: (1,20)
    agg_inter_distance: 1
    agg_intra_distance: 2
    agg_rounds: 4
    amplitude: (1, 7)
    distance_to_dummy_pair: 96
    fencing_strategy: LATEST_POSSIBLE
    flushing_strategy: EARLIEST_POSSIBLE
    hammering_strategy: original
    N_sided dist.: 2-sided: 8/10, 1-sided: 2/10, 
    N_sided: (1, 2)
    num_activations_per_REF: 111
    num_aggressors: 9
    num_refresh_intervals: 4
    num_total_activations_hammering: 3000000
    random_start_address: 0x2025dd0000
    total_acts_pattern: 444
    use_fixed_amplitude_per_aggressor: false
    use_sequential_aggressors: false
    use_unused_pair_as_dummies: true
[0m[+] Generating a random hammering pattern.
[+] Candidate aggressor rows: 
    1-sided: 4847 (0x2025de0040) 
    2-sided: 4848 (0x2025e1c040) 4850 (0x2025e54040) 
    2-sided: 4851 (0x2025e70040) 4853 (0x2025ea8040) 
    2-sided: 4854 (0x2025ec4040) 4856 (0x2025f1c040) 
    2-sided: 4857 (0x2025f38040) 4859 (0x2025f70040) 
[+] Generated hammering pattern: 4847 4847 4847 4847 4854 4856 4854 4856 4854 4856 4854 4856 4854 4856 4854 4856 4854 4856 4848 4850 4848 4850 4848 4850 4848 4850 4857 4859 4857 4859 4857 4859 4851 4853 4851 4853 4851 4853 4851 4853 4851 4853 4851 4853 4851 4853 4851 4853 4851 4853 4851 4853 4851 4853 4851 4853 4851 4853 4847 4847 4847 4847 4847 4847 4847 4847 4847 4847 4847 4847 4847 4854 4856 4847 4847 4847 4847 4847 4847 4847 4847 4847 4847 4847 4847 4847 4847 4847 4847 4847 4847 4847 4847 4847 4847 4847 4847 4847 4847 4847 4848 4850 4848 4850 4848 4850 4848 4850 4848 4850 4847 4847 4847 4847 4847 4847 4847 4847 4847 4847 4847 4847 4847 4847 4847 4847 4847 4847 4847 4847 4851 4853 4851 4853 4851 4853 4851 4853 4851 4853 4851 4853 4851 4853 4847 4847 4847 4847 4847 4847 4847 4847 4847 4847 4847 4847 4847 4847 4847 4847 4847 4847 4847 4847 4847 4847 4851 4853 4851 4853 4851 4853 4851 4853 4851 4853 4848 4850 4848 4850 4848 4850 4848 4850 4847 4847 4847 4847 4847 4847 4848 4850 4848 4850 4847 4857 4859 4857 4859 4857 4859 4857 4859 4857 4859 4857 4859 4857 4859 4857 4859 4857 4859 4857 4859 4857 4859 4857 4859 4857 4859 4848 4850 4848 4850 4848 4850 4848 4850 4848 4850 4848 4850 4851 4853 4851 4853 4851 4853 4851 4853 4851 4853 4848 4850 4848 4850 4848 4850 4848 4850 4848 4850 4848 4850 4848 4850 4848 4850 4848 4850 4854 4856 4851 4853 4851 4853 4851 4853 4851 4853 4851 4853 4851 4853 4851 4853 4848 4850 4848 4850 4848 4850 4857 4859 4854 4856 4854 4856 4854 4856 4854 4856 4851 4853 4851 4853 4851 4853 4851 4853 4851 4853 4851 4853 4854 4856 4854 4856 4854 4856 4854 4856 4848 4850 4848 4850 4848 4850 4857 4859 4854 4856 4854 4856 4854 4856 4854 4856 4854 4856 4854 4856 4854 4856 4848 4850 4848 4850 4848 4850 4848 4850 4848 4850 4851 4853 4851 4853 4851 4853 4851 4853 4851 4853 4851 4853 4851 4853 4851 4853 4851 4853 4851 4853 4851 4853 4848 4850 4848 4850 4848 4850 4851 4853 4857 4859 4857 4859 4851 4853 4851 4853 4857 4859 4857 4859 4857 4859 4857 4859 4857 4859 4857 4859 4851 4853 4848 4850 4848 4850 4851 4853 4851 4853 4851 4853 4848 4850 4848 4850 4848 4850 4848 4850 4854 4856 4854 4856 4854 4856 4857 4859 4857 4859 4857 4859 4857 4859 4857 4859 4857 4859 4857 4859 4857 4859 4857 4859 4857 4859 4857 4859 4857 4859 
[+] Dummy pair: 4955 4957 
[+] Hammering using jitted code...
[+] Checking if any bit flips occurred.

[0;32m[+] Running round 13 on bank 0[0m
[0;36m[+] Randomizing fuzzing parameters:
    agg_frequency: (1,20)
    agg_inter_distance: 2
    agg_intra_distance: 2
    agg_rounds: 3
    amplitude: (1, 7)
    distance_to_dummy_pair: 116
    fencing_strategy: LATEST_POSSIBLE
    flushing_strategy: EARLIEST_POSSIBLE
    hammering_strategy: original
    N_sided dist.: 2-sided: 8/10, 1-sided: 2/10, 
    N_sided: (1, 2)
    num_activations_per_REF: 111
    num_aggressors: 8
    num_refresh_intervals: 2
    num_total_activations_hammering: 3000000
    random_start_address: 0x200b2ba000
    total_acts_pattern: 222
    use_fixed_amplitude_per_aggressor: false
    use_sequential_aggressors: false
    use_unused_pair_as_dummies: true
[0m[+] Generating a random hammering pattern.
[+] Candidate aggressor rows: 
    1-sided: 1431 (0x200b2e6040) 
    2-sided: 1433 (0x200b33e040) 1435 (0x200b376040) 
    2-sided: 1437 (0x200b3ae040) 1439 (0x200b3e6040) 
    2-sided: 1441 (0x200b43e040) 1443 (0x200b476040) 
    1-sided: 1445 (0x200b4ae040) 
[+] Generated hammering pattern: 1445 1445 1445 1445 1445 1433 1435 1433 1435 1433 1435 1433 1435 1433 1435 1433 1435 1441 1443 1441 1443 1437 1439 1437 1439 1437 1439 1437 1439 1437 1439 1431 1431 1431 1431 1431 1431 1431 1431 1431 1431 1431 1445 1445 1445 1445 1445 1445 1445 1445 1445 1441 1443 1441 1443 1441 1443 1441 1443 1431 1431 1431 1431 1431 1431 1431 1431 1431 1431 1431 1437 1439 1437 1439 1441 1443 1441 1443 1441 1443 1441 1443 1441 1443 1441 1443 1441 1443 1431 1431 1431 1431 1431 1431 1431 1445 1445 1445 1445 1445 1445 1445 1445 1445 1441 1443 1441 1443 1441 1443 1441 1443 1441 1443 1431 1431 1431 1431 1445 1445 1445 1445 1445 1445 1445 1437 1439 1437 1439 1437 1439 1437 1439 1437 1439 1437 1439 1445 1445 1445 1441 1443 1441 1443 1441 1443 1431 1431 1431 1433 1435 1433 1435 1431 1431 1431 1431 1431 1441 1443 1441 1443 1441 1443 1441 1443 1441 1443 1441 1443 1441 1443 1441 1443 1441 1443 1441 1443 1441 1443 1441 1443 1441 1443 1445 1445 1445 1433 1435 1433 1435 1433 1435 1433 1435 1433 1435 1433 1435 1433 1435 1431 1431 1431 1431 1431 1431 1431 1441 1443 1441 1443 1431 1431 1431 1431 1431 1431 1431 1431 1433 1435 1433 1435 
[+] Dummy pair: 1561 1563 
[+] Hammering using jitted code...
[+] Checking if any bit flips occurred.

[0;32m[+] Running round 14 on bank 1[0m
[0;36m[+] Randomizing fuzzing parameters:
    agg_frequency: (1,20)
    agg_inter_distance: 3
    agg_intra_distance: 2
    agg_rounds: 11
    amplitude: (1, 7)
    distance_to_dummy_pair: 90
    fencing_strategy: LATEST_POSSIBLE
    flushing_strategy: EARLIEST_POSSIBLE
    hammering_strategy: original
    N_sided dist.: 2-sided: 8/10, 1-sided: 2/10, 
    N_sided: (1, 2)
    num_activations_per_REF: 111
    num_aggressors: 12
    num_refresh_intervals: 3
    num_total_activations_hammering: 3000000
    random_start_address: 0x20179f0000
    total_acts_pattern: 333
    use_fixed_amplitude_per_aggressor: false
    use_sequential_aggressors: true
    use_unused_pair_as_dummies: true
[0m[+] Generating a random hammering pattern.
[+] Candidate aggressor rows: 
    1-sided: 3026 (0x2017a4c040) 
    2-sided: 3029 (0x2017ab0040) 3031 (0x2017af8040) 
    2-sided: 3034 (0x2017b4c040) 3036 (0x2017b94040) 
    2-sided: 3039 (0x2017bf8040) 3041 (0x2017c20040) 
    2-sided: 3044 (0x2017c94040) 3046 (0x2017cdc040) 
    2-sided: 3049 (0x2017d20040) 3051 (0x2017d68040) 
    1-sided: 3054 (0x2017ddc040) 
[+] Generated hammering pattern: 3026 3054 3029 3031 3034 3036 3039 3041 3044 3046 3049 3051 3026 3054 3029 3031 3034 3036 3039 3041 3044 3046 3049 3051 3026 3054 3029 3031 3034 3036 3039 3041 3044 3046 3049 3051 3026 3054 3029 3031 3034 3036 3039 3041 3044 3046 3049 3051 3026 3054 3029 3031 3034 3036 3039 3041 3044 3046 3049 3051 3026 3054 3029 3031 3034 3036 3039 3041 3044 3046 3049 3051 3026 3054 3029 3031 3034 3036 3039 3041 3044 3046 3049 3051 3026 3054 3029 3031 3034 3036 3039 3041 3044 3046 3049 3051 3026 3054 3029 3031 3034 3036 3039 3041 3044 3046 3049 3051 3026 3054 3029 3031 3034 3036 3039 3041 3044 3046 3049 3051 3026 3054 3029 3031 3034 3036 3039 3041 3044 3046 3049 3051 3026 3054 3029 3031 3034 3036 3039 3041 3044 3046 3049 3051 3026 3054 3029 3031 3034 3036 3039 3041 3044 3046 3049 3051 3026 3054 3029 3031 3034 3036 3039 3041 3044 3046 3049 3051 3026 3054 3029 3031 3034 3036 3039 3041 3044 3046 3049 3051 3026 3054 3029 3031 3034 3036 3039 3041 3044 3046 3049 3051 3026 3054 3029 3031 3034 3036 3039 3041 3044 3046 3049 3051 3026 3054 3029 3031 3034 3036 3039 3041 3044 3046 3049 3051 3026 3054 3029 3031 3034 3036 3039 3041 3044 3046 3049 3051 3026 3054 3029 3031 3034 3036 3039 3041 3044 3046 3049 3051 3026 3054 3029 3031 3034 3036 3039 3041 3044 3046 3049 3051 3026 3054 3029 3031 3034 3036 3039 3041 3044 3046 3049 3051 3026 3054 3029 3031 3034 3036 3039 3041 3044 3046 3049 3051 3026 3054 3029 3031 3034 3036 3039 3041 3044 3046 3049 3051 3026 3054 3029 3031 3034 3036 3039 3041 3044 3046 3049 3051 3026 3054 3029 3031 3034 3036 3039 3041 3044 3046 3049 3051 3026 3054 3029 3031 3034 3036 3039 3041 3044 3046 3049 3051 3026 3054 3029 3031 3034 3036 3039 3041 
[+] Dummy pair: 3144 3146 
[+] Hammering using jitted code...
[+] Checking if any bit flips occurred.

[0;32m[+] Running round 15 on bank 2[0m
[0;36m[+] Randomizing fuzzing parameters:
    agg_frequency: (1,20)
    agg_inter_distance: 3
    agg_intra_distance: 2
    agg_rounds: 12
    amplitude: (1, 7)
    distance_to_dummy_pair: 81
    fencing_strategy: LATEST_POSSIBLE
    flushing_strategy: EARLIEST_POSSIBLE
    hammering_strategy: strict
    N_sided dist.: 2-sided: 8/10, 1-sided: 2/10, 
    N_sided: (1, 2)
    num_activations_per_REF: 111
    num_aggressors: 10
    num_refresh_intervals: 2
    num_total_activations_hammering: 3000000
    random_start_address: 0x200d6da000
    total_acts_pattern: 222
    use_fixed_amplitude_per_aggressor: false
    use_sequential_aggressors: true
    use_unused_pair_as_dummies: true
[0m[+] Generating a random hammering pattern.
[+] Candidate aggressor rows: 
    1-sided: 1721 (0x200d726040) 
    2-sided: 1724 (0x200d792040) 1726 (0x200d7da040) 
    2-sided: 1729 (0x200d826040) 1731 (0x200d86e040) 
    2-sided: 1734 (0x200d8da040) 1736 (0x200d902040) 
    2-sided: 1739 (0x200d96e040) 1741 (0x200d9b6040) 
    1-sided: 1744 (0x200da02040) 
[+] Generated hammering pattern: 1721 1744 1724 1726 1729 1731 1734 1736 1739 1741 1721 1744 1724 1726 1729 1731 1734 1736 1739 1741 1721 1744 1724 1726 1729 1731 1734 1736 1739 1741 1721 1744 1724 1726 1729 1731 1734 1736 1739 1741 1721 1744 1724 1726 1729 1731 1734 1736 1739 1741 1721 1744 1724 1726 1729 1731 1734 1736 1739 1741 1721 1744 1724 1726 1729 1731 1734 1736 1739 1741 1721 1744 1724 1726 1729 1731 1734 1736 1739 1741 1721 1744 1724 1726 1729 1731 1734 1736 1739 1741 1721 1744 1724 1726 1729 1731 1734 1736 1739 1741 1721 1744 1724 1726 1729 1731 1734 1736 1739 1741 1721 1744 1724 1726 1729 1731 1734 1736 1739 1741 1721 1744 1724 1726 1729 1731 1734 1736 1739 1741 1721 1744 1724 1726 1729 1731 1734 1736 1739 1741 1721 1744 1724 1726 1729 1731 1734 1736 1739 1741 1721 1744 1724 1726 1729 1731 1734 1736 1739 1741 1721 1744 1724 1726 1729 1731 1734 1736 1739 1741 1721 1744 1724 1726 1729 1731 1734 1736 1739 1741 1721 1744 1724 1726 1729 1731 1734 1736 1739 1741 1721 1744 1724 1726 1729 1731 1734 1736 1739 1741 1721 1744 1724 1726 1729 1731 1734 1736 1739 1741 1721 1744 1724 1726 1729 1731 1734 1736 1739 1741 1721 
[+] Dummy pair: 1825 1827 
[+] Hammering using jitted code...
[+] Checking if any bit flips occurred.

[0;32m[+] Running round 16 on bank 3[0m
[0;36m[+] Randomizing fuzzing parameters:
    agg_frequency: (1,20)
    agg_inter_distance: 1
    agg_intra_distance: 2
    agg_rounds: 4
    amplitude: (1, 7)
    distance_to_dummy_pair: 96
    fencing_strategy: LATEST_POSSIBLE
    flushing_strategy: EARLIEST_POSSIBLE
    hammering_strategy: original
    N_sided dist.: 2-sided: 8/10, 1-sided: 2/10, 
    N_sided: (1, 2)
    num_activations_per_REF: 111
    num_aggressors: 9
    num_refresh_intervals: 4
    num_total_activations_hammering: 3000000
    random_start_address: 0x2025dd0000
    total_acts_pattern: 444
    use_fixed_amplitude_per_aggressor: false
    use_sequential_aggressors: false
    use_unused_pair_as_dummies: true
[0m[+] Generating a random hammering pattern.
[+] Candidate aggressor rows: 
    1-sided: 4847 (0x2025de0040) 
    2-sided: 4848 (0x2025e1c040) 4850 (0x2025e54040) 
    2-sided: 4851 (0x2025e70040) 4853 (0x2025ea8040) 
    2-sided: 4854 (0x2025ec4040) 4856 (0x2025f1c040) 
    2-sided: 4857 (0x2025f38040) 4859 (0x2025f70040) 
[+] Generated hammering pattern: 4847 4847 4847 4847 4854 4856 4854 4856 4854 4856 4854 4856 4854 4856 4854 4856 4854 4856 4848 4850 4848 4850 4848 4850 4848 4850 4857 4859 4857 4859 4857 4859 4851 4853 4851 4853 4851 4853 4851 4853 4851 4853 4851 4853 4851 4853 4851 4853 4851 4853 4851 4853 4851 4853 4851 4853 4851 4853 4847 4847 4847 4847 4847 4847 4847 4847 4847 4847 4847 4847 4847 4854 4856 4847 4847 4847 4847 4847 4847 4847 4847 4847 4847 4847 4847 4847 4847 4847 4847 4847 4847 4847 4847 4847 4847 4847 4847 4847 4847 4847 4848 4850 4848 4850 4848 4850 4848 4850 4848 4850 4847 4847 4847 4847 4847 4847 4847 4847 4847 4847 4847 4847 4847 4847 4847 4847 4847 4847 4847 4847 4851 4853 4851 4853 4851 4853 4851 4853 4851 4853 4851 4853 4851 4853 4847 4847 4847 4847 4847 4847 4847 4847 4847 4847 4847 4847 4847 4847 4847 4847 4847 4847 4847 4847 4847 4847 4851 4853 4851 4853 4851 4853 4851 4853 4851 4853 4848 4850 4848 4850 4848 4850 4848 4850 4847 4847 4847 4847 4847 4847 4848 4850 4848 4850 4847 4857 4859 4857 4859 4857 4859 4857 4859 4857 4859 4857 4859 4857 4859 4857 4859 4857 4859 4857 4859 4857 4859 4857 4859 4857 4859 4848 4850 4848 4850 4848 4850 4848 4850 4848 4850 4848 4850 4851 4853 4851 4853 4851 4853 4851 4853 4851 4853 4848 4850 4848 4850 4848 4850 4848 4850 4848 4850 4848 4850 4848 4850 4848 4850 4848 4850 4854 4856 4851 4853 4851 4853 4851 4853 4851 4853 4851 4853 4851 4853 4851 4853 4848 4850 4848 4850 4848 4850 4857 4859 4854 4856 4854 4856 4854 4856 4854 4856 4851 4853 4851 4853 4851 4853 4851 4853 4851 4853 4851 4853 4854 4856 4854 4856 4854 4856 4854 4856 4848 4850 4848 4850 4848 4850 4857 4859 4854 4856 4854 4856 4854 4856 4854 4856 4854 4856 4854 4856 4854 4856 4848 4850 4848 4850 4848 4850 4848 4850 4848 4850 4851 4853 4851 4853 4851 4853 4851 4853 4851 4853 4851 4853 4851 4853 4851 4853 4851 4853 4851 4853 4851 4853 4848 4850 4848 4850 4848 4850 4851 4853 4857 4859 4857 4859 4851 4853 4851 4853 4857 4859 4857 4859 4857 4859 4857 4859 4857 4859 4857 4859 4851 4853 4848 4850 4848 4850 4851 4853 4851 4853 4851 4853 4848 4850 4848 4850 4848 4850 4848 4850 4854 4856 4854 4856 4854 4856 4857 4859 4857 4859 4857 4859 4857 4859 4857 4859 4857 4859 4857 4859 4857 4859 4857 4859 4857 4859 4857 4859 4857 4859 
[+] Dummy pair: 4955 4957 
[+] Hammering using jitted code...
[+] Checking if any bit flips occurred.

[0;32m[+] Running round 17 on bank 0[0m
[0;36m[+] Randomizing fuzzing parameters:
    agg_frequency: (1,20)
    agg_inter_distance: 2
    agg_intra_distance: 2
    agg_rounds: 3
    amplitude: (1, 7)
    distance_to_dummy_pair: 116
    fencing_strategy: LATEST_POSSIBLE
    flushing_strategy: EARLIEST_POSSIBLE
    hammering_strategy: original
    N_sided dist.: 2-sided: 8/10, 1-sided: 2/10, 
    N_sided: (1, 2)
    num_activations_per_REF: 111
    num_aggressors: 8
    num_refresh_intervals: 2
    num_total_activations_hammering: 3000000
    random_start_address: 0x200b2ba000
    total_acts_pattern: 222
    use_fixed_amplitude_per_aggressor: false
    use_sequential_aggressors: false
    use_unused_pair_as_dummies: true
[0m[+] Generating a random hammering pattern.
[+] Candidate aggressor rows: 
    1-sided: 1431 (0x200b2e6040) 
    2-sided: 1433 (0x200b33e040) 1435 (0x200b376040) 
    2-sided: 1437 (0x200b3ae040) 1439 (0x200b3e6040) 
    2-sided: 1441 (0x200b43e040) 1443 (0x200b476040) 
    1-sided: 1445 (0x200b4ae040) 
[+] Generated hammering pattern: 1445 1445 1445 1445 1445 1433 1435 1433 1435 1433 1435 1433 1435 1433 1435 1433 1435 1441 1443 1441 1443 1437 1439 1437 1439 1437 1439 1437 1439 1437 1439 1431 1431 1431 1431 1431 1431 1431 1431 1431 1431 1431 1445 1445 1445 1445 1445 1445 1445 1445 1445 1441 1443 1441 1443 1441 1443 1441 1443 1431 1431 1431 1431 1431 1431 1431 1431 1431 1431 1431 1437 1439 1437 1439 1441 1443 1441 1443 1441 1443 1441 1443 1441 1443 1441 1443 1441 1443 1431 1431 1431 1431 1431 1431 1431 1445 1445 1445 1445 1445 1445 1445 1445 1445 1441 1443 1441 1443 1441 1443 1441 1443 1441 1443 1431 1431 1431 1431 1445 1445 1445 1445 1445 1445 1445 1437 1439 1437 1439 1437 1439 1437 1439 1437 1439 1437 1439 1445 1445 1445 1441 1443 1441 1443 1441 1443 1431 1431 1431 1433 1435 1433 1435 1431 1431 1431 1431 1431 1441 1443 1441 1443 1441 1443 1441 1443 1441 1443 1441 1443 1441 1443 1441 1443 1441 1443 1441 1443 1441 1443 1441 1443 1441 1443 1445 1445 1445 1433 1435 1433 1435 1433 1435 1433 1435 1433 1435 1433 1435 1433 1435 1431 1431 1431 1431 1431 1431 1431 1441 1443 1441 1443 1431 1431 1431 1431 1431 1431 1431 1431 1433 1435 1433 1435 
[+] Dummy pair: 1561 1563 
[+] Hammering using jitted code...
[+] Checking if any bit flips occurred.

[0;32m[+] Running round 18 on bank 1[0m
[0;36m[+] Randomizing fuzzing parameters:
    agg_frequency: (1,20)
    agg_inter_distance: 3
    agg_intra_distance: 2
    agg_rounds: 11
    amplitude: (1, 7)
    distance_to_dummy_pair: 90
    fencing_strategy: LATEST_POSSIBLE
    flushing_strategy: EARLIEST_POSSIBLE
    hammering_strategy: original
    N_sided dist.: 2-sided: 8/10, 1-sided: 2/10, 
    N_sided: (1, 2)
    num_activations_per_REF: 111
    num_aggressors: 12
    num_refresh_intervals: 3
    num_total_activations_hammering: 3000000
    random_start_address: 0x20179f0000
    total_acts_pattern: 333
    use_fixed_amplitude_per_aggressor: false
    use_sequential_aggressors: true
    use_unused_pair_as_dummies: true
[0m[+] Generating a random hammering pattern.
[+] Candidate aggressor rows: 
    1-sided: 3026 (0x2017a4c040) 
    2-sided: 3029 (0x2017ab0040) 3031 (0x2017af8040) 
    2-sided: 3034 (0x2017b4c040) 3036 (0x2017b94040) 
    2-sided: 3039 (0x2017bf8040) 3041 (0x2017c20040) 
    2-sided: 3044 (0x2017c94040) 3046 (0x2017cdc040) 
    2-sided: 3049 (0x2017d20040) 3051 (0x2017d68040) 
    1-sided: 3054 (0x2017ddc040) 
[+] Generated hammering pattern: 3026 3054 3029 3031 3034 3036 3039 3041 3044 3046 3049 3051 3026 3054 3029 3031 3034 3036 3039 3041 3044 3046 3049 3051 3026 3054 3029 3031 3034 3036 3039 3041 3044 3046 3049 3051 3026 3054 3029 3031 3034 3036 3039 3041 3044 3046 3049 3051 3026 3054 3029 3031 3034 3036 3039 3041 3044 3046 3049 3051 3026 3054 3029 3031 3034 3036 3039 3041 3044 3046 3049 3051 3026 3054 3029 3031 3034 3036 3039 3041 3044 3046 3049 3051 3026 3054 3029 3031 3034 3036 3039 3041 3044 3046 3049 3051 3026 3054 3029 3031 3034 3036 3039 3041 3044 3046 3049 3051 3026 3054 3029 3031 3034 3036 3039 3041 3044 3046 3049 3051 3026 3054 3029 3031 3034 3036 3039 3041 3044 3046 3049 3051 3026 3054 3029 3031 3034 3036 3039 3041 3044 3046 3049 3051 3026 3054 3029 3031 3034 3036 3039 3041 3044 3046 3049 3051 3026 3054 3029 3031 3034 3036 3039 3041 3044 3046 3049 3051 3026 3054 3029 3031 3034 3036 3039 3041 3044 3046 3049 3051 3026 3054 3029 3031 3034 3036 3039 3041 3044 3046 3049 3051 3026 3054 3029 3031 3034 3036 3039 3041 3044 3046 3049 3051 3026 3054 3029 3031 3034 3036 3039 3041 3044 3046 3049 3051 3026 3054 3029 3031 3034 3036 3039 3041 3044 3046 3049 3051 3026 3054 3029 3031 3034 3036 3039 3041 3044 3046 3049 3051 3026 3054 3029 3031 3034 3036 3039 3041 3044 3046 3049 3051 3026 3054 3029 3031 3034 3036 3039 3041 3044 3046 3049 3051 3026 3054 3029 3031 3034 3036 3039 3041 3044 3046 3049 3051 3026 3054 3029 3031 3034 3036 3039 3041 3044 3046 3049 3051 3026 3054 3029 3031 3034 3036 3039 3041 3044 3046 3049 3051 3026 3054 3029 3031 3034 3036 3039 3041 3044 3046 3049 3051 3026 3054 3029 3031 3034 3036 3039 3041 3044 3046 3049 3051 3026 3054 3029 3031 3034 3036 3039 3041 
[+] Dummy pair: 3144 3146 
[+] Hammering using jitted code...
[+] Checking if any bit flips occurred.

[0;32m[+] Running round 19 on bank 2[0m
[0;36m[+] Randomizing fuzzing parameters:
    agg_frequency: (1,20)
    agg_inter_distance: 3
    agg_intra_distance: 2
    agg_rounds: 12
    amplitude: (1, 7)
    distance_to_dummy_pair: 81
    fencing_strategy: LATEST_POSSIBLE
    flushing_strategy: EARLIEST_POSSIBLE
    hammering_strategy: strict
    N_sided dist.: 2-sided: 8/10, 1-sided: 2/10, 
    N_sided: (1, 2)
    num_activations_per_REF: 111
    num_aggressors: 10
    num_refresh_intervals: 2
    num_total_activations_hammering: 3000000
    random_start_address: 0x200d6da000
    total_acts_pattern: 222
    use_fixed_amplitude_per_aggressor: false
    use_sequential_aggressors: true
    use_unused_pair_as_dummies: true
[0m[+] Generating a random hammering pattern.
[+] Candidate aggressor rows: 
    1-sided: 1721 (0x200d726040) 
    2-sided: 1724 (0x200d792040) 1726 (0x200d7da040) 
    2-sided: 1729 (0x200d826040) 1731 (0x200d86e040) 
    2-sided: 1734 (0x200d8da040) 1736 (0x200d902040) 
    2-sided: 1739 (0x200d96e040) 1741 (0x200d9b6040) 
    1-sided: 1744 (0x200da02040) 
[+] Generated hammering pattern: 1721 1744 1724 1726 1729 1731 1734 1736 1739 1741 1721 174